d:\포트폴리오\2학년\win32 api\customgame\x64\release\framework.pch
d:\포트폴리오\2학년\win32 api\customgame\x64\release\vc141.pdb
d:\포트폴리오\2학년\win32 api\customgame\x64\release\stdafx.obj
d:\포트폴리오\2학년\win32 api\customgame\x64\release\ctitle.obj
d:\포트폴리오\2학년\win32 api\customgame\x64\release\ctexture.obj
d:\포트폴리오\2학년\win32 api\customgame\x64\release\csingletexture.obj
d:\포트폴리오\2학년\win32 api\customgame\x64\release\cscenemanager.obj
d:\포트폴리오\2학년\win32 api\customgame\x64\release\cscene.obj
d:\포트폴리오\2학년\win32 api\customgame\x64\release\cpuzzle.obj
d:\포트폴리오\2학년\win32 api\customgame\x64\release\cpartbutton.obj
d:\포트폴리오\2학년\win32 api\customgame\x64\release\cmultitexture.obj
d:\포트폴리오\2학년\win32 api\customgame\x64\release\cmaingame.obj
d:\포트폴리오\2학년\win32 api\customgame\x64\release\cloadscene.obj
d:\포트폴리오\2학년\win32 api\customgame\x64\release\cinputmanager.obj
d:\포트폴리오\2학년\win32 api\customgame\x64\release\cimagemanager.obj
d:\포트폴리오\2학년\win32 api\customgame\x64\release\ccustomgame.obj
d:\포트폴리오\2학년\win32 api\customgame\x64\release\cbutton.obj
d:\포트폴리오\2학년\win32 api\customgame\x64\release\framework.obj
d:\포트폴리오\2학년\win32 api\customgame\x64\release\framework.res
d:\포트폴리오\2학년\win32 api\customgame\x64\release\framework.exe
d:\포트폴리오\2학년\win32 api\customgame\x64\release\framework.pdb
d:\포트폴리오\2학년\win32 api\customgame\x64\release\framework.ipdb
d:\포트폴리오\2학년\win32 api\customgame\x64\release\framework.iobj
d:\포트폴리오\2학년\win32 api\customgame\x64\release\framework.tlog\cl.command.1.tlog
d:\포트폴리오\2학년\win32 api\customgame\x64\release\framework.tlog\rc.command.1.tlog
d:\포트폴리오\2학년\win32 api\customgame\x64\release\framework.tlog\link.command.1.tlog
d:\포트폴리오\2학년\win32 api\customgame\x64\release\framework.tlog\cl.read.1.tlog
d:\포트폴리오\2학년\win32 api\customgame\x64\release\framework.tlog\rc.read.1.tlog
d:\포트폴리오\2학년\win32 api\customgame\x64\release\framework.tlog\link.read.1.tlog
d:\포트폴리오\2학년\win32 api\customgame\x64\release\framework.tlog\cl.write.1.tlog
d:\포트폴리오\2학년\win32 api\customgame\x64\release\framework.tlog\rc.write.1.tlog
d:\포트폴리오\2학년\win32 api\customgame\x64\release\framework.tlog\link.write.1.tlog
d:\포트폴리오\2학년\win32 api\customgame\x64\release\framework.tlog\framework.write.1u.tlog
